<?xml version="1.0" encoding="utf-8"?><testsuites name="pytest tests"><testsuite name="pytest" errors="0" failures="1" skipped="0" tests="24" time="4.766" timestamp="2026-08-18T00:25:28.373213+00:00" hostname="agent-env-475840cf-cdc3-4a7e-852e-7abe792b44ce"><testcase classname="tests.test_iteration2_features.TestPerItemBudgetSetup" name="test_create_department" time="0.572" /><testcase classname="tests.test_iteration2_features.TestPerItemBudgetSetup" name="test_create_category" time="0.055" /><testcase classname="tests.test_iteration2_features.TestPerItemBudgetSetup" name="test_create_products" time="0.118" /><testcase classname="tests.test_iteration2_features.TestPerItemBudgetSetup" name="test_create_dept_budget" time="0.056" /><testcase classname="tests.test_iteration2_features.TestPerItemBudgetSetup" name="test_create_product_budget" time="0.053" /><testcase classname="tests.test_iteration2_features.TestPerItemBudgetSetup" name="test_approve_budgets" time="0.403" /><testcase classname="tests.test_iteration2_features.TestPerItemBudget" name="test_pr_two_items_within_budget_ok" time="0.055" /><testcase classname="tests.test_iteration2_features.TestPerItemBudget" name="test_pr_p1_exceeds_product_budget_rejected" time="0.056" /><testcase classname="tests.test_iteration2_features.TestPerItemBudget" name="test_approve_pr_consumes_product_budget" time="0.285" /><testcase classname="tests.test_iteration2_features.TestReports" name="test_csv_reports[prs.csv]" time="0.066" /><testcase classname="tests.test_iteration2_features.TestReports" name="test_csv_reports[pos.csv]" time="0.062" /><testcase classname="tests.test_iteration2_features.TestReports" name="test_csv_reports[budgets.csv]" time="0.055" /><testcase classname="tests.test_iteration2_features.TestReports" name="test_pdf_reports[prs.pdf]" time="0.059" /><testcase classname="tests.test_iteration2_features.TestReports" name="test_pdf_reports[pos.pdf]" time="0.061" /><testcase classname="tests.test_iteration2_features.TestReports" name="test_pdf_reports[budgets.pdf]" time="0.064" /><testcase classname="tests.test_iteration2_features.TestNotificationSettings" name="test_get_default_notif" time="0.062" /><testcase classname="tests.test_iteration2_features.TestNotificationSettings" name="test_put_notif_disabled" time="0.083" /><testcase classname="tests.test_iteration2_features.TestNotificationSettings" name="test_send_test_email_disabled_no_crash" time="0.065" /><testcase classname="tests.test_iteration2_features.TestNotificationSettings" name="test_notif_non_admin_forbidden" time="0.944" /><testcase classname="tests.test_iteration2_features.TestOdoo" name="test_odoo_test_disabled" time="0.125" /><testcase classname="tests.test_iteration2_features.TestOdoo" name="test_odoo_sync_products_mocked" time="0.054" /><testcase classname="tests.test_iteration2_features.TestOdoo" name="test_odoo_sync_vendors_mocked" time="0.062" /><testcase classname="tests.test_iteration2_features.TestOdoo" name="test_odoo_sync_pos_mocked" time="0.054" /><testcase classname="tests.test_iteration2_features.TestUploadLS" name="test_upload_bucket_missing_returns_502" time="1.196"><failure message="assert 'bucket' in '&lt;!doctype html&gt;\n&lt;!--[if lt ie 7]&gt; &lt;html class=&quot;no-js ie6 oldie&quot; lang=&quot;en-us&quot;&gt; &lt;![endif]--&gt;\n&lt;!--[if ie 7]&gt;    &lt;html class=&quot;no-js ie7 oldie&quot; lang=&quot;en-us&quot;&gt; &lt;![endif]--&gt;\n&lt;!--[if ie 8]&gt;    &lt;html class=&quot;no-js ie8 oldie&quot; lang=&quot;en-us&quot;&gt; &lt;![endif]--&gt;\n&lt;!--[if gt ie 8]&gt;&lt;!--&gt; &lt;html class=&quot;no-js&quot; lang=&quot;en-us&quot;&gt; &lt;!--&lt;![endif]--&gt;\n&lt;head&gt;\n\n&lt;title&gt;preview.emergentagent.com | 502: bad gateway&lt;/title&gt;\n&lt;meta charset=&quot;utf-8&quot; /&gt;\n&lt;meta http-equiv=&quot;content-type&quot; content=&quot;text/html; charset=utf-8&quot; /&gt;\n&lt;meta http-equiv=&quot;x-ua-compatible&quot; content=&quot;ie=edge&quot; /&gt;\n&lt;meta name=&quot;robots&quot; content=&quot;noindex, nofollow&quot; /&gt;\n&lt;meta name=&quot;viewport&quot; content=&quot;width=device-width,initial-scale=1&quot; /&gt;\n&lt;link rel=&quot;stylesheet&quot; id=&quot;cf_styles-css&quot; href=&quot;/cdn-cgi/styles/main.css&quot; /&gt;\n&lt;/head&gt;\n&lt;body&gt;\n&lt;div id=&quot;cf-wrapper&quot;&gt;\n    &lt;div id=&quot;cf-error-details&quot; class=&quot;p-0&quot;&gt;\n        &lt;header class=&quot;mx-auto pt-10 lg:pt-6 lg:px-8 w-240 lg:w-full mb-8&quot;&gt;\n            &lt;h1 class=&quot;inline-block sm:block sm:mb-2 font-light text-60 lg:text-4xl text-black-dark leading-tight mr-2&quot;&gt;\n                &lt;span class=&quot;inline-block&quot;&gt;bad gateway&lt;/span&gt;\n                &lt;span class=&quot;code-label&quot;&gt;error code 502&lt;/span&gt;\n            &lt;/h1&gt;\n            &lt;div&gt;\n  ...a.getelementbyid(&quot;cf-footer-ip&quot;).classlist.remove(&quot;hidden&quot;)}))}var a=document;document.addeventlistener&amp;&amp;a.addeventlistener(&quot;domcontentloaded&quot;,d)})();&lt;/script&gt;\n  &lt;/div&gt;&lt;!-- /.error-footer --&gt;\n\n    &lt;/div&gt;\n&lt;/div&gt;\n&lt;script&gt;(function(){function c(){var b=a.contentdocument||(a.contentwindow&amp;&amp;a.contentwindow.document);if(b){var d=b.createelement(\'script\');d.innerhtml=&quot;window.__cf$cv$params={r:\'a2ccc826ed270cde\',t:\'mtc4nzaxmjczmq==\'};var a=document.createelement(\'script\');a.src=\'/cdn-cgi/challenge-platform/scripts/jsd/main.js\';document.getelementsbytagname(\'head\')[0].appendchild(a);&quot;;b.getelementsbytagname(\'head\')[0].appendchild(d)}}if(document.body){var a=document.createelement(\'iframe\');a.height=1;a.width=1;a.style.position=\'absolute\';a.style.top=0;a.style.left=0;a.style.border=\'none\';a.style.visibility=\'hidden\';document.body.appendchild(a);if(\'loading\'!==document.readystate)c();else if(window.addeventlistener)document.addeventlistener(\'domcontentloaded\',c);else{var e=document.onreadystatechange||function(){};document.onreadystatechange=function(b){e(b);\'loading\'!==document.readystate&amp;&amp;(document.onreadystatechange=e,c())}}}})();&lt;/script&gt;&lt;/body&gt;\n&lt;/html&gt;'">tests/test_iteration2_features.py:263: in test_upload_bucket_missing_returns_502
    assert "bucket" in body
E   assert 'bucket' in '&lt;!doctype html&gt;\n&lt;!--[if lt ie 7]&gt; &lt;html class="no-js ie6 oldie" lang="en-us"&gt; &lt;![endif]--&gt;\n&lt;!--[if ie 7]&gt;    &lt;html class="no-js ie7 oldie" lang="en-us"&gt; &lt;![endif]--&gt;\n&lt;!--[if ie 8]&gt;    &lt;html class="no-js ie8 oldie" lang="en-us"&gt; &lt;![endif]--&gt;\n&lt;!--[if gt ie 8]&gt;&lt;!--&gt; &lt;html class="no-js" lang="en-us"&gt; &lt;!--&lt;![endif]--&gt;\n&lt;head&gt;\n\n&lt;title&gt;preview.emergentagent.com | 502: bad gateway&lt;/title&gt;\n&lt;meta charset="utf-8" /&gt;\n&lt;meta http-equiv="content-type" content="text/html; charset=utf-8" /&gt;\n&lt;meta http-equiv="x-ua-compatible" content="ie=edge" /&gt;\n&lt;meta name="robots" content="noindex, nofollow" /&gt;\n&lt;meta name="viewport" content="width=device-width,initial-scale=1" /&gt;\n&lt;link rel="stylesheet" id="cf_styles-css" href="/cdn-cgi/styles/main.css" /&gt;\n&lt;/head&gt;\n&lt;body&gt;\n&lt;div id="cf-wrapper"&gt;\n    &lt;div id="cf-error-details" class="p-0"&gt;\n        &lt;header class="mx-auto pt-10 lg:pt-6 lg:px-8 w-240 lg:w-full mb-8"&gt;\n            &lt;h1 class="inline-block sm:block sm:mb-2 font-light text-60 lg:text-4xl text-black-dark leading-tight mr-2"&gt;\n                &lt;span class="inline-block"&gt;bad gateway&lt;/span&gt;\n                &lt;span class="code-label"&gt;error code 502&lt;/span&gt;\n            &lt;/h1&gt;\n            &lt;div&gt;\n  ...a.getelementbyid("cf-footer-ip").classlist.remove("hidden")}))}var a=document;document.addeventlistener&amp;&amp;a.addeventlistener("domcontentloaded",d)})();&lt;/script&gt;\n  &lt;/div&gt;&lt;!-- /.error-footer --&gt;\n\n    &lt;/div&gt;\n&lt;/div&gt;\n&lt;script&gt;(function(){function c(){var b=a.contentdocument||(a.contentwindow&amp;&amp;a.contentwindow.document);if(b){var d=b.createelement(\'script\');d.innerhtml="window.__cf$cv$params={r:\'a2ccc826ed270cde\',t:\'mtc4nzaxmjczmq==\'};var a=document.createelement(\'script\');a.src=\'/cdn-cgi/challenge-platform/scripts/jsd/main.js\';document.getelementsbytagname(\'head\')[0].appendchild(a);";b.getelementsbytagname(\'head\')[0].appendchild(d)}}if(document.body){var a=document.createelement(\'iframe\');a.height=1;a.width=1;a.style.position=\'absolute\';a.style.top=0;a.style.left=0;a.style.border=\'none\';a.style.visibility=\'hidden\';document.body.appendchild(a);if(\'loading\'!==document.readystate)c();else if(window.addeventlistener)document.addeventlistener(\'domcontentloaded\',c);else{var e=document.onreadystatechange||function(){};document.onreadystatechange=function(b){e(b);\'loading\'!==document.readystate&amp;&amp;(document.onreadystatechange=e,c())}}}})();&lt;/script&gt;&lt;/body&gt;\n&lt;/html&gt;'</failure></testcase></testsuite></testsuites>