<?xml version="1.0" encoding="utf-8"?><testsuites name="pytest tests"><testsuite name="pytest" errors="0" failures="1" skipped="0" tests="14" time="7.297" timestamp="2026-08-18T10:48:17.320595+00:00" hostname="agent-env-475840cf-cdc3-4a7e-852e-7abe792b44ce"><testcase classname="tests.test_iteration5_features.TestPricelistVerify" name="test_create_pricelist_for_verify" time="0.774" /><testcase classname="tests.test_iteration5_features.TestInvoiceDetail" name="test_admin_list_invoices" time="1.166" /><testcase classname="tests.test_iteration5_features.TestPricelistVerify" name="test_verify_toggle_on" time="0.546" /><testcase classname="tests.test_iteration5_features.TestPricelistVerify" name="test_verify_toggle_off" time="0.236" /><testcase classname="tests.test_iteration5_features.TestPricelistVerify" name="test_verify_forbidden_for_vendor" time="0.169" /><testcase classname="tests.test_iteration5_features.TestInvoiceDetail" name="test_vendor_invoice_detail_schema" time="0.789"><failure message="AssertionError: missing items&#10;assert 'items' in {'id': '6b1626b1-c906-472a-866c-8017a3beca67', 'invoice_number': 'INV-20260818-4C463', 'vendor_id': '89a4357a-f9d7-4545-a289-ace02ad90535', 'po_id': 'dfdda5a3-29b4-4c7b-a5e5-a1914c658dff', ...}">backend/tests/test_iteration5_features.py:194: in test_vendor_invoice_detail_schema
    assert k in inv, f"missing {k}"
E   AssertionError: missing items
E   assert 'items' in {'id': '6b1626b1-c906-472a-866c-8017a3beca67', 'invoice_number': 'INV-20260818-4C463', 'vendor_id': '89a4357a-f9d7-4545-a289-ace02ad90535', 'po_id': 'dfdda5a3-29b4-4c7b-a5e5-a1914c658dff', ...}</failure></testcase><testcase classname="tests.test_iteration5_features.TestPricelistVerify" name="test_cleanup" time="0.151" /><testcase classname="tests.test_iteration5_features.TestRFQDiscount" name="test_reply_with_percent_discount" time="0.577" /><testcase classname="tests.test_iteration5_features.TestInvoiceDetail" name="test_admin_invoice_detail" time="0.414" /><testcase classname="tests.test_iteration5_features.TestBulkUpload" name="test_bulk_csv_upload" time="0.164" /><testcase classname="tests.test_iteration5_features.TestRFQDiscount" name="test_reply_with_amount_discount" time="0.326" /><testcase classname="tests.test_iteration5_features.TestBulkUpload" name="test_bulk_upload_invalid_file" time="0.164" /><testcase classname="tests.test_iteration5_features.TestSealedAutoReveal" name="test_cron_endpoint" time="0.148" /><testcase classname="tests.test_iteration5_features.TestSealedAutoReveal" name="test_seed_and_auto_reveal" time="3.829" /></testsuite></testsuites>