<?xml version="1.0" encoding="utf-8"?><testsuites name="pytest tests"><testsuite name="pytest" errors="0" failures="0" skipped="0" tests="7" time="55.560" timestamp="2026-08-18T11:21:53.655463+00:00" hostname="agent-env-475840cf-cdc3-4a7e-852e-7abe792b44ce"><testcase classname="tests.test_iteration7_features.TestCheapestPricelist" name="test_cheapest_returns_verified_for_seeded_product" time="53.743" /><testcase classname="tests.test_iteration7_features.TestInvoiceAuditTrail" name="test_invoice_detail_has_audit_trail" time="53.678" /><testcase classname="tests.test_iteration7_features.TestInvoiceAuditTrail" name="test_pay_invoice_idempotent" time="0.645" /><testcase classname="tests.test_iteration7_features.TestCheapestPricelist" name="test_cheapest_empty_shape" time="0.181" /><testcase classname="tests.test_iteration7_features.TestOverdueInvoiceReminder" name="test_cron_endpoint_enqueues" time="0.171" /><testcase classname="tests.test_iteration7_features.TestInvoiceAuditTrail" name="test_pay_requires_finance_or_admin" time="0.538" /><testcase classname="tests.test_iteration7_features.TestTenders" name="test_admin_list_tenders" time="0.181" /></testsuite></testsuites>