<?xml version="1.0" encoding="utf-8"?><testsuites name="pytest tests"><testsuite name="pytest" errors="0" failures="0" skipped="1" tests="16" time="11.451" timestamp="2026-08-18T11:07:16.852328+00:00" hostname="agent-env-475840cf-cdc3-4a7e-852e-7abe792b44ce"><testcase classname="tests.test_iteration6_features.TestBillingStatus" name="test_vendor_billing_status" time="7.615" /><testcase classname="tests.test_iteration6_features.TestInvoiceSubmitValidation" name="test_missing_faktur_pajak" time="8.003" /><testcase classname="tests.test_iteration6_features.TestBillingStatus" name="test_admin_billing_status" time="0.555" /><testcase classname="tests.test_iteration6_features.TestInvoiceSubmitValidation" name="test_missing_bast" time="0.155" /><testcase classname="tests.test_iteration6_features.TestInvoiceSubmitValidation" name="test_missing_line_items" time="0.157" /><testcase classname="tests.test_iteration6_features.TestBillingStatus" name="test_admin_billing_status_404" time="0.222" /><testcase classname="tests.test_iteration6_features.TestInvoiceSubmitValidation" name="test_invalid_item_index" time="0.170" /><testcase classname="tests.test_iteration6_features.TestBulkPOImport" name="test_bulk_import_all_errors" time="0.158" /><testcase classname="tests.test_iteration6_features.TestInvoiceSubmitValidation" name="test_qty_exceeds_remaining" time="0.332" /><testcase classname="tests.test_iteration6_features.TestBulkPOImport" name="test_bulk_import_vendor_forbidden" time="0.175" /><testcase classname="tests.test_iteration6_features.TestBulkPOImport" name="test_bulk_import_happy_path" time="0.313"><skipped type="pytest.skip" message="No approved vendors with code or products with code">/app/backend/tests/test_iteration6_features.py:202: No approved vendors with code or products with code</skipped></testcase><testcase classname="tests.test_iteration6_features.TestInvoiceSubmitValidation" name="test_zero_qty" time="0.325" /><testcase classname="tests.test_iteration6_features.TestCheapestPricelist" name="test_cheapest_endpoint_shape" time="0.155" /><testcase classname="tests.test_iteration6_features.TestCheapestPricelist" name="test_cheapest_returns_only_verified" time="1.633" /><testcase classname="tests.test_iteration6_features.TestInvoicePDF" name="test_pdf_export_admin" time="0.564" /><testcase classname="tests.test_iteration6_features.TestInvoicePDF" name="test_pdf_export_not_found" time="0.161" /></testsuite></testsuites>