<?xml version="1.0" encoding="utf-8"?><testsuites name="pytest tests"><testsuite name="pytest" errors="0" failures="1" skipped="0" tests="9" time="1.875" timestamp="2026-08-18T10:27:17.011310+00:00" hostname="agent-env-475840cf-cdc3-4a7e-852e-7abe792b44ce"><testcase classname="tests.test_iteration4_features.TestVendorPricelists" name="test_list_pricelists" time="0.683" /><testcase classname="tests.test_iteration4_features.TestSealedTender" name="test_get_sealed_tender" time="0.801" /><testcase classname="tests.test_iteration4_features.TestVendorPricelists" name="test_create_pricelist" time="0.130" /><testcase classname="tests.test_iteration4_features.TestSealedTender" name="test_reveal_endpoint_idempotent" time="0.124" /><testcase classname="tests.test_iteration4_features.TestVendorPricelists" name="test_delete_pricelist" time="0.199" /><testcase classname="tests.test_iteration4_features.TestProductPriceEndpoints" name="test_product_pricelists" time="0.121" /><testcase classname="tests.test_iteration4_features.TestDeadlineLock" name="test_expired_tender_rejects_bid" time="0.125"><failure message="AssertionError: {&quot;detail&quot;:[{&quot;type&quot;:&quot;missing&quot;,&quot;loc&quot;:[&quot;body&quot;,&quot;price&quot;],&quot;msg&quot;:&quot;Field required&quot;,&quot;input&quot;:{&quot;items&quot;:[{&quot;product_id&quot;:&quot;cf433378-5c42-4eed-893b-8b2feb8b47da&quot;,&quot;qty&quot;:1,&quot;price&quot;:1000}],&quot;status&quot;:&quot;submitted&quot;},&quot;url&quot;:&quot;https://errors.pydantic.dev/2.13/v/missing&quot;},{&quot;type&quot;:&quot;missing&quot;,&quot;loc&quot;:[&quot;body&quot;,&quot;items&quot;,0,&quot;item_index&quot;],&quot;msg&quot;:&quot;Field required&quot;,&quot;input&quot;:{&quot;product_id&quot;:&quot;cf433378-5c42-4eed-893b-8b2feb8b47da&quot;,&quot;qty&quot;:1,&quot;price&quot;:1000},&quot;url&quot;:&quot;https://errors.pydantic.dev/2.13/v/missing&quot;}]}&#10;assert 422 == 400&#10; +  where 422 = &lt;Response [422]&gt;.status_code">backend/tests/test_iteration4_features.py:75: in test_expired_tender_rejects_bid
    assert r.status_code == 400, r.text
E   AssertionError: {"detail":[{"type":"missing","loc":["body","price"],"msg":"Field required","input":{"items":[{"product_id":"cf433378-5c42-4eed-893b-8b2feb8b47da","qty":1,"price":1000}],"status":"submitted"},"url":"https://errors.pydantic.dev/2.13/v/missing"},{"type":"missing","loc":["body","items",0,"item_index"],"msg":"Field required","input":{"product_id":"cf433378-5c42-4eed-893b-8b2feb8b47da","qty":1,"price":1000},"url":"https://errors.pydantic.dev/2.13/v/missing"}]}
E   assert 422 == 400
E    +  where 422 = &lt;Response [422]&gt;.status_code</failure></testcase><testcase classname="tests.test_iteration4_features.TestProductPriceEndpoints" name="test_product_price_history" time="0.147" /><testcase classname="tests.test_iteration4_features.TestCron" name="test_draft_reminders_endpoint" time="0.139" /></testsuite></testsuites>