<?xml version="1.0" encoding="utf-8"?><testsuites name="pytest tests"><testsuite name="pytest" errors="0" failures="0" skipped="0" tests="8" time="3.796" timestamp="2026-08-20T03:46:02.208721+00:00" hostname="agent-env-475840cf-cdc3-4a7e-852e-7abe792b44ce"><testcase classname="tests.test_iteration10_vendor_create" name="test_manual_vendor_create_success" time="1.385" /><testcase classname="tests.test_iteration10_vendor_create" name="test_manual_vendor_duplicate_email_rejected" time="0.466" /><testcase classname="tests.test_iteration10_vendor_create" name="test_manual_vendor_create_forbidden_for_vendor_role" time="0.795" /><testcase classname="tests.test_iteration10_vendor_create" name="test_manual_vendor_missing_required_field" time="0.139" /><testcase classname="tests.test_iteration10_vendor_create" name="test_vendor_csv_import_endpoint_available" time="0.134" /><testcase classname="tests.test_iteration10_vendor_create" name="test_preview_pages_200[/po]" time="0.140" /><testcase classname="tests.test_iteration10_vendor_create" name="test_preview_pages_200[/customs-documents]" time="0.124" /><testcase classname="tests.test_iteration10_vendor_create" name="test_preview_pages_200[/warehouse-stock]" time="0.113" /></testsuite></testsuites>