<?xml version="1.0" encoding="utf-8"?><testsuites name="pytest tests"><testsuite name="pytest" errors="0" failures="0" skipped="0" tests="8" time="52.768" timestamp="2026-08-18T11:44:44.534709+00:00" hostname="agent-env-475840cf-cdc3-4a7e-852e-7abe792b44ce"><testcase classname="tests.test_iteration8_shipment" name="test_shipments_records_returns_200" time="50.341" /><testcase classname="tests.test_iteration8_shipment" name="test_shipments_pending_pos_returns_200" time="0.178" /><testcase classname="tests.test_iteration8_shipment" name="test_shipments_records_forbidden_to_admin" time="0.560" /><testcase classname="tests.test_iteration8_shipment" name="test_create_shipment_bad_item_index" time="0.337" /><testcase classname="tests.test_iteration8_shipment" name="test_create_shipment_qty_le_zero" time="0.175" /><testcase classname="tests.test_iteration8_shipment" name="test_create_shipment_non_owned_po_404" time="0.155" /><testcase classname="tests.test_iteration8_shipment" name="test_create_shipment_empty_items_400" time="0.158" /><testcase classname="tests.test_iteration8_shipment" name="test_create_shipment_pricelist_fallback" time="0.321" /></testsuite></testsuites>