<?xml version="1.0" encoding="utf-8"?><testsuites name="pytest tests"><testsuite name="pytest" errors="0" failures="0" skipped="0" tests="5" time="3.130" timestamp="2026-08-18T10:14:05.464157+00:00" hostname="agent-env-475840cf-cdc3-4a7e-852e-7abe792b44ce"><testcase classname="tests.test_iteration3_vendor_bid" name="test_tender_detail_has_deadline" time="0.609" /><testcase classname="tests.test_iteration3_vendor_bid" name="test_price_suggestions" time="0.124" /><testcase classname="tests.test_iteration3_vendor_bid" name="test_save_draft" time="0.261" /><testcase classname="tests.test_iteration3_vendor_bid" name="test_upload_attachment_and_submit" time="1.509" /><testcase classname="tests.test_iteration3_vendor_bid" name="test_unread_counts_excludes_after_submit" time="0.118" /></testsuite></testsuites>