<?xml version="1.0" encoding="utf-8"?><testsuites name="pytest tests"><testsuite name="pytest" errors="0" failures="0" skipped="0" tests="41" time="6.047" timestamp="2026-08-18T00:10:41.077627+00:00" hostname="agent-env-475840cf-cdc3-4a7e-852e-7abe792b44ce"><testcase classname="tests.test_eprocurement_flow.TestAuth" name="test_login_admin" time="0.458" /><testcase classname="tests.test_eprocurement_flow.TestAuth" name="test_login_wrong_password" time="0.388" /><testcase classname="tests.test_eprocurement_flow.TestVendorRegistration" name="test_public_vendor_register" time="0.123" /><testcase classname="tests.test_eprocurement_flow.TestVendorRegistration" name="test_vendor_pending_status" time="0.064" /><testcase classname="tests.test_eprocurement_flow.TestMasters" name="test_create_department" time="0.067" /><testcase classname="tests.test_eprocurement_flow.TestMasters" name="test_list_departments" time="0.075" /><testcase classname="tests.test_eprocurement_flow.TestMasters" name="test_create_category" time="0.069" /><testcase classname="tests.test_eprocurement_flow.TestMasters" name="test_create_hs_code" time="0.068" /><testcase classname="tests.test_eprocurement_flow.TestMasters" name="test_create_product" time="0.062" /><testcase classname="tests.test_eprocurement_flow.TestMasters" name="test_update_product" time="0.066" /><testcase classname="tests.test_eprocurement_flow.TestUsersInternal" name="test_create_requester" time="0.290" /><testcase classname="tests.test_eprocurement_flow.TestUsersInternal" name="test_list_users_admin" time="0.065" /><testcase classname="tests.test_eprocurement_flow.TestBudgets" name="test_create_budget" time="0.064" /><testcase classname="tests.test_eprocurement_flow.TestBudgets" name="test_approve_budget" time="0.063" /><testcase classname="tests.test_eprocurement_flow.TestBudgets" name="test_budget_persisted" time="0.068" /><testcase classname="tests.test_eprocurement_flow.TestPRFlow" name="test_pr_over_budget_rejected" time="0.061" /><testcase classname="tests.test_eprocurement_flow.TestPRFlow" name="test_pr_within_budget_created" time="0.068" /><testcase classname="tests.test_eprocurement_flow.TestPRFlow" name="test_approve_pr_multi_level" time="0.396" /><testcase classname="tests.test_eprocurement_flow.TestPRFlow" name="test_budget_used_after_approval" time="0.166" /><testcase classname="tests.test_eprocurement_flow.TestVendorApproval" name="test_approve_vendor" time="0.443" /><testcase classname="tests.test_eprocurement_flow.TestVendorApproval" name="test_vendor_login" time="0.463" /><testcase classname="tests.test_eprocurement_flow.TestVendorApproval" name="test_vendor_profile" time="0.209" /><testcase classname="tests.test_eprocurement_flow.TestTenders" name="test_create_tender" time="0.063" /><testcase classname="tests.test_eprocurement_flow.TestTenders" name="test_open_tender" time="0.148" /><testcase classname="tests.test_eprocurement_flow.TestTenders" name="test_vendor_submit_bid" time="0.138" /><testcase classname="tests.test_eprocurement_flow.TestPOFlow" name="test_create_po_from_pr" time="0.144" /><testcase classname="tests.test_eprocurement_flow.TestPOFlow" name="test_approve_po" time="0.269" /><testcase classname="tests.test_eprocurement_flow.TestPOFlow" name="test_send_po" time="0.135" /><testcase classname="tests.test_eprocurement_flow.TestGoodsReceipt" name="test_create_goods_receipt" time="0.080" /><testcase classname="tests.test_eprocurement_flow.TestGoodsReceipt" name="test_po_shipping_completed" time="0.067" /><testcase classname="tests.test_eprocurement_flow.TestGoodsReceipt" name="test_pr_warehouse_completed" time="0.062" /><testcase classname="tests.test_eprocurement_flow.TestInvoice" name="test_vendor_submit_invoice" time="0.174" /><testcase classname="tests.test_eprocurement_flow.TestInvoice" name="test_admin_list_invoices" time="0.077" /><testcase classname="tests.test_eprocurement_flow.TestInvoice" name="test_admin_pay_invoice" time="0.143" /><testcase classname="tests.test_eprocurement_flow.TestLSDocs" name="test_vendor_submit_ls" time="0.204" /><testcase classname="tests.test_eprocurement_flow.TestLSDocs" name="test_admin_list_ls" time="0.065" /><testcase classname="tests.test_eprocurement_flow.TestSettings" name="test_update_company_bonded" time="0.067" /><testcase classname="tests.test_eprocurement_flow.TestSettings" name="test_odoo_sync_products_mocked" time="0.078" /><testcase classname="tests.test_eprocurement_flow.TestSettings" name="test_odoo_sync_vendors_mocked" time="0.064" /><testcase classname="tests.test_eprocurement_flow.TestSettings" name="test_odoo_sync_pos_mocked" time="0.066" /><testcase classname="tests.test_eprocurement_flow.TestDashboard" name="test_dashboard_stats" time="0.072" /></testsuite></testsuites>